<?xml version="1.0" encoding="UTF-8"?>
<!-- Generated by org.testng.reporters.JUnitXMLReporter -->
<testsuite hostname="L34481WIN" name="Surefire test" tests="4" failures="1" timestamp="21 Mar 2020 19:31:05 GMT" time="34.933" errors="0">
  <testcase name="@AfterMethod quit" time="0.0" classname="com.facebook.pagefactory.testcases.ChangePasswordTest">
    <failure type="java.lang.NullPointerException">
      <![CDATA[java.lang.NullPointerException
	at com.relevantcodes.extentreports.ExtentReports.endTest(ExtentReports.java:618)
	at com.facebook.pagefactory.testcases.ChangePasswordTest.quit(ChangePasswordTest.java:62)
... Removed 31 stack frames]]>
    </failure>
  </testcase> <!-- @AfterMethod quit -->
  <testcase name="ChangePassword" time="0.01" classname="com.facebook.pagefactory.testcases.ChangePasswordTest">
    <failure type="java.lang.NullPointerException">
      <![CDATA[java.lang.NullPointerException
	at com.facebook.pagefactory.testcases.ChangePasswordTest.ChangePassword(ChangePasswordTest.java:28)
... Removed 29 stack frames]]>
    </failure>
  </testcase> <!-- ChangePassword -->
  <testcase name="doLogin" time="31.396" classname="com.facebook.pagefactory.testcases.LoginTest"/>
  <testcase name="doLogin" time="0.0" classname="com.facebook.pagefactory.testcases.LoginTest">
    <skipped/>
  </testcase> <!-- doLogin -->
  <testcase name="testProfile" time="0.0" classname="com.facebook.pagefactory.testcases.ProfileTest">
    <skipped/>
  </testcase> <!-- testProfile -->
</testsuite> <!-- Surefire test -->
