<?xml version="1.0" encoding="UTF-8"?>
<testng-results skipped="2" failed="0" total="4" passed="2">
  <reporter-output>
  </reporter-output>
  <suite name="SuiteName" duration-ms="41667" started-at="2020-03-21T19:39:11Z" finished-at="2020-03-21T19:39:53Z">
    <groups>
    </groups>
    <test name="Profile Test" duration-ms="10" started-at="2020-03-21T19:39:11Z" finished-at="2020-03-21T19:39:11Z">
      <class name="com.facebook.pagefactory.testcases.ProfileTest">
        <test-method status="SKIP" signature="testProfile(java.util.Hashtable)[pri:0, instance:com.facebook.pagefactory.testcases.ProfileTest@70325e14]" name="testProfile" duration-ms="0" started-at="2020-03-22T01:09:11Z" finished-at="2020-03-22T01:09:11Z">
          <exception class="org.testng.TestNGException">
            <message>
              <![CDATA[
Method testProfile requires 1 parameters but 0 were supplied in the @Test annotation.]]>
            </message>
            <full-stacktrace>
              <![CDATA[org.testng.TestNGException: 
Method testProfile requires 1 parameters but 0 were supplied in the @Test annotation.
	at org.testng.internal.Parameters.checkParameterTypes(Parameters.java:191)
	at org.testng.internal.Parameters.createParameters(Parameters.java:127)
	at org.testng.internal.Parameters.createParameters(Parameters.java:376)
	at org.testng.internal.Parameters.handleParameters(Parameters.java:451)
	at org.testng.internal.Invoker.handleParameters(Invoker.java:1270)
	at org.testng.internal.Invoker.createParameters(Invoker.java:985)
	at org.testng.internal.Invoker.invokeTestMethods(Invoker.java:1075)
	at org.testng.internal.TestMethodWorker.invokeTestMethods(TestMethodWorker.java:125)
	at org.testng.internal.TestMethodWorker.run(TestMethodWorker.java:108)
	at org.testng.TestRunner.privateRun(TestRunner.java:774)
	at org.testng.TestRunner.run(TestRunner.java:624)
	at org.testng.SuiteRunner.runTest(SuiteRunner.java:359)
	at org.testng.SuiteRunner.access$000(SuiteRunner.java:39)
	at org.testng.SuiteRunner$SuiteWorker.run(SuiteRunner.java:393)
	at org.testng.internal.thread.ThreadUtil$2.call(ThreadUtil.java:64)
	at java.util.concurrent.FutureTask.run(FutureTask.java:266)
	at java.util.concurrent.ThreadPoolExecutor.runWorker(ThreadPoolExecutor.java:1149)
	at java.util.concurrent.ThreadPoolExecutor$Worker.run(ThreadPoolExecutor.java:624)
	at java.lang.Thread.run(Thread.java:748)
]]>
            </full-stacktrace>
          </exception> <!-- org.testng.TestNGException -->
          <reporter-output>
          </reporter-output>
        </test-method> <!-- testProfile -->
      </class> <!-- com.facebook.pagefactory.testcases.ProfileTest -->
    </test> <!-- Profile Test -->
    <test name="Change Password Test" duration-ms="37919" started-at="2020-03-21T19:39:11Z" finished-at="2020-03-21T19:39:49Z">
      <class name="com.facebook.pagefactory.testcases.ChangePasswordTest">
        <test-method status="PASS" signature="ChangePassword(java.util.Hashtable)[pri:0, instance:com.facebook.pagefactory.testcases.ChangePasswordTest@8c3b9d]" name="ChangePassword" duration-ms="37359" started-at="2020-03-22T01:09:11Z" data-provider="testdata" finished-at="2020-03-22T01:09:49Z">
          <params>
            <param index="0">
              <value>
                <![CDATA[{NewPassword=Install@333, Username=abhisolutions24@gmail.com, OldPassword=Install@222, ExpectedResult=success, Runmode=Y, Browser=Chrome}]]>
              </value>
            </param>
          </params>
          <reporter-output>
          </reporter-output>
        </test-method> <!-- ChangePassword -->
        <test-method status="PASS" signature="quit()[pri:0, instance:com.facebook.pagefactory.testcases.ChangePasswordTest@8c3b9d]" name="quit" is-config="true" duration-ms="477" started-at="2020-03-22T01:09:49Z" finished-at="2020-03-22T01:09:49Z">
          <reporter-output>
          </reporter-output>
        </test-method> <!-- quit -->
      </class> <!-- com.facebook.pagefactory.testcases.ChangePasswordTest -->
    </test> <!-- Change Password Test -->
    <test name="Login Test" duration-ms="41667" started-at="2020-03-21T19:39:11Z" finished-at="2020-03-21T19:39:53Z">
      <class name="com.facebook.pagefactory.testcases.LoginTest">
        <test-method status="PASS" signature="doLogin(java.util.Hashtable)[pri:0, instance:com.facebook.pagefactory.testcases.LoginTest@3cd3e762]" name="doLogin" duration-ms="39452" started-at="2020-03-22T01:09:11Z" data-provider="testdata" finished-at="2020-03-22T01:09:51Z">
          <params>
            <param index="0">
              <value>
                <![CDATA[{Username=koolharishg@gmail.com, ExpectedResult=success, Password=donnoone, Runmode=Y, Browser=Chrome}]]>
              </value>
            </param>
          </params>
          <reporter-output>
          </reporter-output>
        </test-method> <!-- doLogin -->
        <test-method status="PASS" signature="quit()[pri:0, instance:com.facebook.pagefactory.testcases.LoginTest@3cd3e762]" name="quit" is-config="true" duration-ms="2009" started-at="2020-03-22T01:09:51Z" finished-at="2020-03-22T01:09:53Z">
          <reporter-output>
          </reporter-output>
        </test-method> <!-- quit -->
        <test-method status="SKIP" signature="doLogin(java.util.Hashtable)[pri:0, instance:com.facebook.pagefactory.testcases.LoginTest@3cd3e762]" name="doLogin" duration-ms="1" started-at="2020-03-22T01:09:53Z" data-provider="testdata" finished-at="2020-03-22T01:09:53Z">
          <params>
            <param index="0">
              <value>
                <![CDATA[{Username=abhisolutions24@gmail.com, ExpectedResult=success, Password=hhhh, Runmode=N, Browser=Chrome}]]>
              </value>
            </param>
          </params>
          <exception class="org.testng.SkipException">
            <message>
              <![CDATA[skipping the test]]>
            </message>
            <full-stacktrace>
              <![CDATA[org.testng.SkipException: skipping the test
	at com.facebook.pagefactory.testcases.LoginTest.doLogin(LoginTest.java:27)
	at sun.reflect.NativeMethodAccessorImpl.invoke0(Native Method)
	at sun.reflect.NativeMethodAccessorImpl.invoke(NativeMethodAccessorImpl.java:62)
	at sun.reflect.DelegatingMethodAccessorImpl.invoke(DelegatingMethodAccessorImpl.java:43)
	at java.lang.reflect.Method.invoke(Method.java:498)
	at org.testng.internal.MethodInvocationHelper.invokeMethod(MethodInvocationHelper.java:85)
	at org.testng.internal.Invoker.invokeMethod(Invoker.java:639)
	at org.testng.internal.Invoker.invokeTestMethod(Invoker.java:816)
	at org.testng.internal.Invoker.invokeTestMethods(Invoker.java:1124)
	at org.testng.internal.TestMethodWorker.invokeTestMethods(TestMethodWorker.java:125)
	at org.testng.internal.TestMethodWorker.run(TestMethodWorker.java:108)
	at org.testng.TestRunner.privateRun(TestRunner.java:774)
	at org.testng.TestRunner.run(TestRunner.java:624)
	at org.testng.SuiteRunner.runTest(SuiteRunner.java:359)
	at org.testng.SuiteRunner.access$000(SuiteRunner.java:39)
	at org.testng.SuiteRunner$SuiteWorker.run(SuiteRunner.java:393)
	at org.testng.internal.thread.ThreadUtil$2.call(ThreadUtil.java:64)
	at java.util.concurrent.FutureTask.run(FutureTask.java:266)
	at java.util.concurrent.ThreadPoolExecutor.runWorker(ThreadPoolExecutor.java:1149)
	at java.util.concurrent.ThreadPoolExecutor$Worker.run(ThreadPoolExecutor.java:624)
	at java.lang.Thread.run(Thread.java:748)
]]>
            </full-stacktrace>
          </exception> <!-- org.testng.SkipException -->
          <reporter-output>
          </reporter-output>
        </test-method> <!-- doLogin -->
        <test-method status="PASS" signature="quit()[pri:0, instance:com.facebook.pagefactory.testcases.LoginTest@3cd3e762]" name="quit" is-config="true" duration-ms="113" started-at="2020-03-22T01:09:53Z" finished-at="2020-03-22T01:09:53Z">
          <reporter-output>
          </reporter-output>
        </test-method> <!-- quit -->
      </class> <!-- com.facebook.pagefactory.testcases.LoginTest -->
    </test> <!-- Login Test -->
  </suite> <!-- SuiteName -->
</testng-results>
